<component name="libraryTable">
  <library name="junit" type="repository">
    <properties maven-id="junit:junit:4.13.2">
      <exclude>
        <dependency maven-id="junit:junit" />
      </exclude>
    </properties>
    <CLASSES>
      <root url="jar://$MAVEN_REPOSITORY$/org/hamcrest/hamcrest-core/1.3/hamcrest-core-1.3.jar!/" />
    </CLASSES>
    <JAVADOC />
    <SOURCES />
  </library>
</component>